[2026-03-20T06:02:56.437+0000] {processor.py:186} INFO - Started process (PID=164) to work on /opt/airflow/dags/load_config_bronze.py
[2026-03-20T06:02:56.438+0000] {processor.py:914} INFO - Processing file /opt/airflow/dags/load_config_bronze.py for tasks to queue
[2026-03-20T06:02:56.441+0000] {logging_mixin.py:190} INFO - [2026-03-20T06:02:56.440+0000] {dagbag.py:588} INFO - Filling up the DagBag from /opt/airflow/dags/load_config_bronze.py
[2026-03-20T06:02:56.449+0000] {processor.py:925} INFO - DAG(s) 'load_config_bronze' retrieved from /opt/airflow/dags/load_config_bronze.py
[2026-03-20T06:02:56.492+0000] {logging_mixin.py:190} INFO - [2026-03-20T06:02:56.491+0000] {override.py:1932} INFO - Created Permission View: can read on DAG:load_config_bronze
[2026-03-20T06:02:56.496+0000] {logging_mixin.py:190} INFO - [2026-03-20T06:02:56.496+0000] {override.py:1932} INFO - Created Permission View: can delete on DAG:load_config_bronze
[2026-03-20T06:02:56.498+0000] {logging_mixin.py:190} INFO - [2026-03-20T06:02:56.498+0000] {override.py:1932} INFO - Created Permission View: can edit on DAG:load_config_bronze
[2026-03-20T06:02:56.500+0000] {logging_mixin.py:190} INFO - [2026-03-20T06:02:56.499+0000] {override.py:1932} INFO - Created Permission View: can read on DAG Run:load_config_bronze
[2026-03-20T06:02:56.502+0000] {logging_mixin.py:190} INFO - [2026-03-20T06:02:56.501+0000] {override.py:1932} INFO - Created Permission View: menu access on DAG Run:load_config_bronze
[2026-03-20T06:02:56.503+0000] {logging_mixin.py:190} INFO - [2026-03-20T06:02:56.503+0000] {override.py:1932} INFO - Created Permission View: can create on DAG Run:load_config_bronze
[2026-03-20T06:02:56.505+0000] {logging_mixin.py:190} INFO - [2026-03-20T06:02:56.505+0000] {override.py:1932} INFO - Created Permission View: can delete on DAG Run:load_config_bronze
[2026-03-20T06:02:56.505+0000] {logging_mixin.py:190} INFO - [2026-03-20T06:02:56.505+0000] {dag.py:3239} INFO - Sync 1 DAGs
[2026-03-20T06:02:56.510+0000] {logging_mixin.py:190} INFO - [2026-03-20T06:02:56.510+0000] {dag.py:3262} INFO - Creating ORM DAG for load_config_bronze
[2026-03-20T06:02:56.510+0000] {logging_mixin.py:190} INFO - [2026-03-20T06:02:56.510+0000] {dag.py:4180} INFO - Setting next_dagrun for load_config_bronze to None, run_after=None
[2026-03-20T06:02:56.518+0000] {processor.py:208} INFO - Processing /opt/airflow/dags/load_config_bronze.py took 0.084 seconds
[2026-03-20T06:03:26.688+0000] {processor.py:186} INFO - Started process (PID=169) to work on /opt/airflow/dags/load_config_bronze.py
[2026-03-20T06:03:26.690+0000] {processor.py:914} INFO - Processing file /opt/airflow/dags/load_config_bronze.py for tasks to queue
[2026-03-20T06:03:26.694+0000] {logging_mixin.py:190} INFO - [2026-03-20T06:03:26.694+0000] {dagbag.py:588} INFO - Filling up the DagBag from /opt/airflow/dags/load_config_bronze.py
[2026-03-20T06:03:26.702+0000] {processor.py:925} INFO - DAG(s) 'load_config_bronze' retrieved from /opt/airflow/dags/load_config_bronze.py
[2026-03-20T06:03:26.720+0000] {logging_mixin.py:190} INFO - [2026-03-20T06:03:26.719+0000] {dag.py:3239} INFO - Sync 1 DAGs
[2026-03-20T06:03:26.727+0000] {logging_mixin.py:190} INFO - [2026-03-20T06:03:26.727+0000] {dag.py:4180} INFO - Setting next_dagrun for load_config_bronze to None, run_after=None
[2026-03-20T06:03:26.735+0000] {processor.py:208} INFO - Processing /opt/airflow/dags/load_config_bronze.py took 0.053 seconds
[2026-03-20T06:03:56.948+0000] {processor.py:186} INFO - Started process (PID=180) to work on /opt/airflow/dags/load_config_bronze.py
[2026-03-20T06:03:56.949+0000] {processor.py:914} INFO - Processing file /opt/airflow/dags/load_config_bronze.py for tasks to queue
[2026-03-20T06:03:56.951+0000] {logging_mixin.py:190} INFO - [2026-03-20T06:03:56.951+0000] {dagbag.py:588} INFO - Filling up the DagBag from /opt/airflow/dags/load_config_bronze.py
[2026-03-20T06:03:56.955+0000] {processor.py:925} INFO - DAG(s) 'load_config_bronze' retrieved from /opt/airflow/dags/load_config_bronze.py
[2026-03-20T06:03:56.971+0000] {logging_mixin.py:190} INFO - [2026-03-20T06:03:56.971+0000] {dag.py:3239} INFO - Sync 1 DAGs
[2026-03-20T06:03:56.977+0000] {logging_mixin.py:190} INFO - [2026-03-20T06:03:56.977+0000] {dag.py:4180} INFO - Setting next_dagrun for load_config_bronze to None, run_after=None
[2026-03-20T06:03:56.984+0000] {processor.py:208} INFO - Processing /opt/airflow/dags/load_config_bronze.py took 0.039 seconds
[2026-03-20T06:04:27.165+0000] {processor.py:186} INFO - Started process (PID=185) to work on /opt/airflow/dags/load_config_bronze.py
[2026-03-20T06:04:27.166+0000] {processor.py:914} INFO - Processing file /opt/airflow/dags/load_config_bronze.py for tasks to queue
[2026-03-20T06:04:27.169+0000] {logging_mixin.py:190} INFO - [2026-03-20T06:04:27.169+0000] {dagbag.py:588} INFO - Filling up the DagBag from /opt/airflow/dags/load_config_bronze.py
[2026-03-20T06:04:27.176+0000] {processor.py:925} INFO - DAG(s) 'load_config_bronze' retrieved from /opt/airflow/dags/load_config_bronze.py
[2026-03-20T06:04:27.195+0000] {logging_mixin.py:190} INFO - [2026-03-20T06:04:27.195+0000] {dag.py:3239} INFO - Sync 1 DAGs
[2026-03-20T06:04:27.202+0000] {logging_mixin.py:190} INFO - [2026-03-20T06:04:27.202+0000] {dag.py:4180} INFO - Setting next_dagrun for load_config_bronze to None, run_after=None
[2026-03-20T06:04:27.209+0000] {processor.py:208} INFO - Processing /opt/airflow/dags/load_config_bronze.py took 0.049 seconds
[2026-03-20T06:04:57.375+0000] {processor.py:186} INFO - Started process (PID=190) to work on /opt/airflow/dags/load_config_bronze.py
[2026-03-20T06:04:57.376+0000] {processor.py:914} INFO - Processing file /opt/airflow/dags/load_config_bronze.py for tasks to queue
[2026-03-20T06:04:57.378+0000] {logging_mixin.py:190} INFO - [2026-03-20T06:04:57.378+0000] {dagbag.py:588} INFO - Filling up the DagBag from /opt/airflow/dags/load_config_bronze.py
[2026-03-20T06:04:57.384+0000] {processor.py:925} INFO - DAG(s) 'load_config_bronze' retrieved from /opt/airflow/dags/load_config_bronze.py
[2026-03-20T06:04:57.401+0000] {logging_mixin.py:190} INFO - [2026-03-20T06:04:57.401+0000] {dag.py:3239} INFO - Sync 1 DAGs
[2026-03-20T06:04:57.408+0000] {logging_mixin.py:190} INFO - [2026-03-20T06:04:57.408+0000] {dag.py:4180} INFO - Setting next_dagrun for load_config_bronze to None, run_after=None
[2026-03-20T06:04:57.416+0000] {processor.py:208} INFO - Processing /opt/airflow/dags/load_config_bronze.py took 0.045 seconds
[2026-03-20T06:05:27.687+0000] {processor.py:186} INFO - Started process (PID=195) to work on /opt/airflow/dags/load_config_bronze.py
[2026-03-20T06:05:27.688+0000] {processor.py:914} INFO - Processing file /opt/airflow/dags/load_config_bronze.py for tasks to queue
[2026-03-20T06:05:27.690+0000] {logging_mixin.py:190} INFO - [2026-03-20T06:05:27.690+0000] {dagbag.py:588} INFO - Filling up the DagBag from /opt/airflow/dags/load_config_bronze.py
[2026-03-20T06:05:27.698+0000] {processor.py:925} INFO - DAG(s) 'load_config_bronze' retrieved from /opt/airflow/dags/load_config_bronze.py
[2026-03-20T06:05:27.718+0000] {logging_mixin.py:190} INFO - [2026-03-20T06:05:27.718+0000] {dag.py:3239} INFO - Sync 1 DAGs
[2026-03-20T06:05:27.727+0000] {logging_mixin.py:190} INFO - [2026-03-20T06:05:27.727+0000] {dag.py:4180} INFO - Setting next_dagrun for load_config_bronze to None, run_after=None
[2026-03-20T06:05:27.735+0000] {processor.py:208} INFO - Processing /opt/airflow/dags/load_config_bronze.py took 0.052 seconds
[2026-03-20T06:05:57.972+0000] {processor.py:186} INFO - Started process (PID=200) to work on /opt/airflow/dags/load_config_bronze.py
[2026-03-20T06:05:57.973+0000] {processor.py:914} INFO - Processing file /opt/airflow/dags/load_config_bronze.py for tasks to queue
[2026-03-20T06:05:57.976+0000] {logging_mixin.py:190} INFO - [2026-03-20T06:05:57.976+0000] {dagbag.py:588} INFO - Filling up the DagBag from /opt/airflow/dags/load_config_bronze.py
[2026-03-20T06:05:57.983+0000] {processor.py:925} INFO - DAG(s) 'load_config_bronze' retrieved from /opt/airflow/dags/load_config_bronze.py
[2026-03-20T06:05:58.002+0000] {logging_mixin.py:190} INFO - [2026-03-20T06:05:58.002+0000] {dag.py:3239} INFO - Sync 1 DAGs
[2026-03-20T06:05:58.013+0000] {logging_mixin.py:190} INFO - [2026-03-20T06:05:58.013+0000] {dag.py:4180} INFO - Setting next_dagrun for load_config_bronze to None, run_after=None
[2026-03-20T06:05:58.021+0000] {processor.py:208} INFO - Processing /opt/airflow/dags/load_config_bronze.py took 0.055 seconds
[2026-03-20T06:06:28.287+0000] {processor.py:186} INFO - Started process (PID=205) to work on /opt/airflow/dags/load_config_bronze.py
[2026-03-20T06:06:28.288+0000] {processor.py:914} INFO - Processing file /opt/airflow/dags/load_config_bronze.py for tasks to queue
[2026-03-20T06:06:28.290+0000] {logging_mixin.py:190} INFO - [2026-03-20T06:06:28.290+0000] {dagbag.py:588} INFO - Filling up the DagBag from /opt/airflow/dags/load_config_bronze.py
[2026-03-20T06:06:28.297+0000] {processor.py:925} INFO - DAG(s) 'load_config_bronze' retrieved from /opt/airflow/dags/load_config_bronze.py
[2026-03-20T06:06:28.320+0000] {logging_mixin.py:190} INFO - [2026-03-20T06:06:28.319+0000] {dag.py:3239} INFO - Sync 1 DAGs
[2026-03-20T06:06:28.327+0000] {logging_mixin.py:190} INFO - [2026-03-20T06:06:28.327+0000] {dag.py:4180} INFO - Setting next_dagrun for load_config_bronze to None, run_after=None
[2026-03-20T06:06:28.335+0000] {processor.py:208} INFO - Processing /opt/airflow/dags/load_config_bronze.py took 0.053 seconds
[2026-03-20T06:06:58.578+0000] {processor.py:186} INFO - Started process (PID=210) to work on /opt/airflow/dags/load_config_bronze.py
[2026-03-20T06:06:58.579+0000] {processor.py:914} INFO - Processing file /opt/airflow/dags/load_config_bronze.py for tasks to queue
[2026-03-20T06:06:58.582+0000] {logging_mixin.py:190} INFO - [2026-03-20T06:06:58.582+0000] {dagbag.py:588} INFO - Filling up the DagBag from /opt/airflow/dags/load_config_bronze.py
[2026-03-20T06:06:58.588+0000] {processor.py:925} INFO - DAG(s) 'load_config_bronze' retrieved from /opt/airflow/dags/load_config_bronze.py
[2026-03-20T06:06:58.605+0000] {logging_mixin.py:190} INFO - [2026-03-20T06:06:58.604+0000] {dag.py:3239} INFO - Sync 1 DAGs
[2026-03-20T06:06:58.613+0000] {logging_mixin.py:190} INFO - [2026-03-20T06:06:58.613+0000] {dag.py:4180} INFO - Setting next_dagrun for load_config_bronze to None, run_after=None
[2026-03-20T06:06:58.620+0000] {processor.py:208} INFO - Processing /opt/airflow/dags/load_config_bronze.py took 0.047 seconds
[2026-03-20T06:07:28.856+0000] {processor.py:186} INFO - Started process (PID=215) to work on /opt/airflow/dags/load_config_bronze.py
[2026-03-20T06:07:28.857+0000] {processor.py:914} INFO - Processing file /opt/airflow/dags/load_config_bronze.py for tasks to queue
[2026-03-20T06:07:28.861+0000] {logging_mixin.py:190} INFO - [2026-03-20T06:07:28.860+0000] {dagbag.py:588} INFO - Filling up the DagBag from /opt/airflow/dags/load_config_bronze.py
[2026-03-20T06:07:28.868+0000] {processor.py:925} INFO - DAG(s) 'load_config_bronze' retrieved from /opt/airflow/dags/load_config_bronze.py
[2026-03-20T06:07:28.889+0000] {logging_mixin.py:190} INFO - [2026-03-20T06:07:28.889+0000] {dag.py:3239} INFO - Sync 1 DAGs
[2026-03-20T06:07:28.901+0000] {logging_mixin.py:190} INFO - [2026-03-20T06:07:28.901+0000] {dag.py:4180} INFO - Setting next_dagrun for load_config_bronze to None, run_after=None
[2026-03-20T06:07:28.910+0000] {processor.py:208} INFO - Processing /opt/airflow/dags/load_config_bronze.py took 0.058 seconds
[2026-03-20T06:07:59.140+0000] {processor.py:186} INFO - Started process (PID=220) to work on /opt/airflow/dags/load_config_bronze.py
[2026-03-20T06:07:59.141+0000] {processor.py:914} INFO - Processing file /opt/airflow/dags/load_config_bronze.py for tasks to queue
[2026-03-20T06:07:59.142+0000] {logging_mixin.py:190} INFO - [2026-03-20T06:07:59.142+0000] {dagbag.py:588} INFO - Filling up the DagBag from /opt/airflow/dags/load_config_bronze.py
[2026-03-20T06:07:59.148+0000] {processor.py:925} INFO - DAG(s) 'load_config_bronze' retrieved from /opt/airflow/dags/load_config_bronze.py
[2026-03-20T06:07:59.165+0000] {logging_mixin.py:190} INFO - [2026-03-20T06:07:59.165+0000] {dag.py:3239} INFO - Sync 1 DAGs
[2026-03-20T06:07:59.172+0000] {logging_mixin.py:190} INFO - [2026-03-20T06:07:59.171+0000] {dag.py:4180} INFO - Setting next_dagrun for load_config_bronze to None, run_after=None
[2026-03-20T06:07:59.179+0000] {processor.py:208} INFO - Processing /opt/airflow/dags/load_config_bronze.py took 0.044 seconds
[2026-03-20T06:08:29.399+0000] {processor.py:186} INFO - Started process (PID=225) to work on /opt/airflow/dags/load_config_bronze.py
[2026-03-20T06:08:29.400+0000] {processor.py:914} INFO - Processing file /opt/airflow/dags/load_config_bronze.py for tasks to queue
[2026-03-20T06:08:29.404+0000] {logging_mixin.py:190} INFO - [2026-03-20T06:08:29.403+0000] {dagbag.py:588} INFO - Filling up the DagBag from /opt/airflow/dags/load_config_bronze.py
[2026-03-20T06:08:29.413+0000] {processor.py:925} INFO - DAG(s) 'load_config_bronze' retrieved from /opt/airflow/dags/load_config_bronze.py
[2026-03-20T06:08:29.448+0000] {logging_mixin.py:190} INFO - [2026-03-20T06:08:29.447+0000] {dag.py:3239} INFO - Sync 1 DAGs
[2026-03-20T06:08:29.456+0000] {logging_mixin.py:190} INFO - [2026-03-20T06:08:29.456+0000] {dag.py:4180} INFO - Setting next_dagrun for load_config_bronze to None, run_after=None
[2026-03-20T06:08:29.465+0000] {processor.py:208} INFO - Processing /opt/airflow/dags/load_config_bronze.py took 0.072 seconds
[2026-03-20T06:08:59.689+0000] {processor.py:186} INFO - Started process (PID=230) to work on /opt/airflow/dags/load_config_bronze.py
[2026-03-20T06:08:59.690+0000] {processor.py:914} INFO - Processing file /opt/airflow/dags/load_config_bronze.py for tasks to queue
[2026-03-20T06:08:59.693+0000] {logging_mixin.py:190} INFO - [2026-03-20T06:08:59.693+0000] {dagbag.py:588} INFO - Filling up the DagBag from /opt/airflow/dags/load_config_bronze.py
[2026-03-20T06:08:59.698+0000] {processor.py:925} INFO - DAG(s) 'load_config_bronze' retrieved from /opt/airflow/dags/load_config_bronze.py
[2026-03-20T06:08:59.719+0000] {logging_mixin.py:190} INFO - [2026-03-20T06:08:59.719+0000] {dag.py:3239} INFO - Sync 1 DAGs
[2026-03-20T06:08:59.729+0000] {logging_mixin.py:190} INFO - [2026-03-20T06:08:59.729+0000] {dag.py:4180} INFO - Setting next_dagrun for load_config_bronze to None, run_after=None
[2026-03-20T06:08:59.736+0000] {processor.py:208} INFO - Processing /opt/airflow/dags/load_config_bronze.py took 0.053 seconds
[2026-03-20T06:09:29.975+0000] {processor.py:186} INFO - Started process (PID=235) to work on /opt/airflow/dags/load_config_bronze.py
[2026-03-20T06:09:29.976+0000] {processor.py:914} INFO - Processing file /opt/airflow/dags/load_config_bronze.py for tasks to queue
[2026-03-20T06:09:29.979+0000] {logging_mixin.py:190} INFO - [2026-03-20T06:09:29.978+0000] {dagbag.py:588} INFO - Filling up the DagBag from /opt/airflow/dags/load_config_bronze.py
[2026-03-20T06:09:29.983+0000] {processor.py:925} INFO - DAG(s) 'load_config_bronze' retrieved from /opt/airflow/dags/load_config_bronze.py
[2026-03-20T06:09:30.000+0000] {logging_mixin.py:190} INFO - [2026-03-20T06:09:30.000+0000] {dag.py:3239} INFO - Sync 1 DAGs
[2026-03-20T06:09:30.008+0000] {logging_mixin.py:190} INFO - [2026-03-20T06:09:30.008+0000] {dag.py:4180} INFO - Setting next_dagrun for load_config_bronze to None, run_after=None
[2026-03-20T06:09:30.017+0000] {processor.py:208} INFO - Processing /opt/airflow/dags/load_config_bronze.py took 0.048 seconds
[2026-03-20T06:10:00.202+0000] {processor.py:186} INFO - Started process (PID=240) to work on /opt/airflow/dags/load_config_bronze.py
[2026-03-20T06:10:00.203+0000] {processor.py:914} INFO - Processing file /opt/airflow/dags/load_config_bronze.py for tasks to queue
[2026-03-20T06:10:00.205+0000] {logging_mixin.py:190} INFO - [2026-03-20T06:10:00.205+0000] {dagbag.py:588} INFO - Filling up the DagBag from /opt/airflow/dags/load_config_bronze.py
[2026-03-20T06:10:00.209+0000] {processor.py:925} INFO - DAG(s) 'load_config_bronze' retrieved from /opt/airflow/dags/load_config_bronze.py
[2026-03-20T06:10:00.225+0000] {logging_mixin.py:190} INFO - [2026-03-20T06:10:00.224+0000] {dag.py:3239} INFO - Sync 1 DAGs
[2026-03-20T06:10:00.231+0000] {logging_mixin.py:190} INFO - [2026-03-20T06:10:00.231+0000] {dag.py:4180} INFO - Setting next_dagrun for load_config_bronze to None, run_after=None
[2026-03-20T06:10:00.241+0000] {processor.py:208} INFO - Processing /opt/airflow/dags/load_config_bronze.py took 0.042 seconds
[2026-03-20T06:10:30.493+0000] {processor.py:186} INFO - Started process (PID=245) to work on /opt/airflow/dags/load_config_bronze.py
[2026-03-20T06:10:30.495+0000] {processor.py:914} INFO - Processing file /opt/airflow/dags/load_config_bronze.py for tasks to queue
[2026-03-20T06:10:30.499+0000] {logging_mixin.py:190} INFO - [2026-03-20T06:10:30.498+0000] {dagbag.py:588} INFO - Filling up the DagBag from /opt/airflow/dags/load_config_bronze.py
[2026-03-20T06:10:30.508+0000] {processor.py:925} INFO - DAG(s) 'load_config_bronze' retrieved from /opt/airflow/dags/load_config_bronze.py
[2026-03-20T06:10:30.533+0000] {logging_mixin.py:190} INFO - [2026-03-20T06:10:30.533+0000] {dag.py:3239} INFO - Sync 1 DAGs
[2026-03-20T06:10:30.543+0000] {logging_mixin.py:190} INFO - [2026-03-20T06:10:30.543+0000] {dag.py:4180} INFO - Setting next_dagrun for load_config_bronze to None, run_after=None
[2026-03-20T06:10:30.552+0000] {processor.py:208} INFO - Processing /opt/airflow/dags/load_config_bronze.py took 0.065 seconds
[2026-03-20T06:11:00.770+0000] {processor.py:186} INFO - Started process (PID=250) to work on /opt/airflow/dags/load_config_bronze.py
[2026-03-20T06:11:00.771+0000] {processor.py:914} INFO - Processing file /opt/airflow/dags/load_config_bronze.py for tasks to queue
[2026-03-20T06:11:00.773+0000] {logging_mixin.py:190} INFO - [2026-03-20T06:11:00.773+0000] {dagbag.py:588} INFO - Filling up the DagBag from /opt/airflow/dags/load_config_bronze.py
[2026-03-20T06:11:00.779+0000] {processor.py:925} INFO - DAG(s) 'load_config_bronze' retrieved from /opt/airflow/dags/load_config_bronze.py
[2026-03-20T06:11:00.796+0000] {logging_mixin.py:190} INFO - [2026-03-20T06:11:00.796+0000] {dag.py:3239} INFO - Sync 1 DAGs
[2026-03-20T06:11:00.804+0000] {logging_mixin.py:190} INFO - [2026-03-20T06:11:00.803+0000] {dag.py:4180} INFO - Setting next_dagrun for load_config_bronze to None, run_after=None
[2026-03-20T06:11:00.811+0000] {processor.py:208} INFO - Processing /opt/airflow/dags/load_config_bronze.py took 0.049 seconds
[2026-03-20T06:11:31.036+0000] {processor.py:186} INFO - Started process (PID=255) to work on /opt/airflow/dags/load_config_bronze.py
[2026-03-20T06:11:31.037+0000] {processor.py:914} INFO - Processing file /opt/airflow/dags/load_config_bronze.py for tasks to queue
[2026-03-20T06:11:31.039+0000] {logging_mixin.py:190} INFO - [2026-03-20T06:11:31.038+0000] {dagbag.py:588} INFO - Filling up the DagBag from /opt/airflow/dags/load_config_bronze.py
[2026-03-20T06:11:31.045+0000] {processor.py:925} INFO - DAG(s) 'load_config_bronze' retrieved from /opt/airflow/dags/load_config_bronze.py
[2026-03-20T06:11:31.063+0000] {logging_mixin.py:190} INFO - [2026-03-20T06:11:31.063+0000] {dag.py:3239} INFO - Sync 1 DAGs
[2026-03-20T06:11:31.071+0000] {logging_mixin.py:190} INFO - [2026-03-20T06:11:31.071+0000] {dag.py:4180} INFO - Setting next_dagrun for load_config_bronze to None, run_after=None
[2026-03-20T06:11:31.079+0000] {processor.py:208} INFO - Processing /opt/airflow/dags/load_config_bronze.py took 0.048 seconds
[2026-03-20T06:12:01.304+0000] {processor.py:186} INFO - Started process (PID=260) to work on /opt/airflow/dags/load_config_bronze.py
[2026-03-20T06:12:01.304+0000] {processor.py:914} INFO - Processing file /opt/airflow/dags/load_config_bronze.py for tasks to queue
[2026-03-20T06:12:01.306+0000] {logging_mixin.py:190} INFO - [2026-03-20T06:12:01.305+0000] {dagbag.py:588} INFO - Filling up the DagBag from /opt/airflow/dags/load_config_bronze.py
[2026-03-20T06:12:01.310+0000] {processor.py:925} INFO - DAG(s) 'load_config_bronze' retrieved from /opt/airflow/dags/load_config_bronze.py
[2026-03-20T06:12:01.327+0000] {logging_mixin.py:190} INFO - [2026-03-20T06:12:01.327+0000] {dag.py:3239} INFO - Sync 1 DAGs
[2026-03-20T06:12:01.335+0000] {logging_mixin.py:190} INFO - [2026-03-20T06:12:01.334+0000] {dag.py:4180} INFO - Setting next_dagrun for load_config_bronze to None, run_after=None
[2026-03-20T06:12:01.343+0000] {processor.py:208} INFO - Processing /opt/airflow/dags/load_config_bronze.py took 0.046 seconds
[2026-03-20T06:12:31.569+0000] {processor.py:186} INFO - Started process (PID=265) to work on /opt/airflow/dags/load_config_bronze.py
[2026-03-20T06:12:31.570+0000] {processor.py:914} INFO - Processing file /opt/airflow/dags/load_config_bronze.py for tasks to queue
[2026-03-20T06:12:31.572+0000] {logging_mixin.py:190} INFO - [2026-03-20T06:12:31.572+0000] {dagbag.py:588} INFO - Filling up the DagBag from /opt/airflow/dags/load_config_bronze.py
[2026-03-20T06:12:31.577+0000] {processor.py:925} INFO - DAG(s) 'load_config_bronze' retrieved from /opt/airflow/dags/load_config_bronze.py
[2026-03-20T06:12:31.594+0000] {logging_mixin.py:190} INFO - [2026-03-20T06:12:31.594+0000] {dag.py:3239} INFO - Sync 1 DAGs
[2026-03-20T06:12:31.601+0000] {logging_mixin.py:190} INFO - [2026-03-20T06:12:31.601+0000] {dag.py:4180} INFO - Setting next_dagrun for load_config_bronze to None, run_after=None
[2026-03-20T06:12:31.609+0000] {processor.py:208} INFO - Processing /opt/airflow/dags/load_config_bronze.py took 0.044 seconds
[2026-03-20T06:13:01.866+0000] {processor.py:186} INFO - Started process (PID=270) to work on /opt/airflow/dags/load_config_bronze.py
[2026-03-20T06:13:01.867+0000] {processor.py:914} INFO - Processing file /opt/airflow/dags/load_config_bronze.py for tasks to queue
[2026-03-20T06:13:01.869+0000] {logging_mixin.py:190} INFO - [2026-03-20T06:13:01.869+0000] {dagbag.py:588} INFO - Filling up the DagBag from /opt/airflow/dags/load_config_bronze.py
[2026-03-20T06:13:01.874+0000] {processor.py:925} INFO - DAG(s) 'load_config_bronze' retrieved from /opt/airflow/dags/load_config_bronze.py
[2026-03-20T06:13:01.890+0000] {logging_mixin.py:190} INFO - [2026-03-20T06:13:01.890+0000] {dag.py:3239} INFO - Sync 1 DAGs
[2026-03-20T06:13:01.898+0000] {logging_mixin.py:190} INFO - [2026-03-20T06:13:01.897+0000] {dag.py:4180} INFO - Setting next_dagrun for load_config_bronze to None, run_after=None
[2026-03-20T06:13:01.904+0000] {processor.py:208} INFO - Processing /opt/airflow/dags/load_config_bronze.py took 0.043 seconds
[2026-03-20T06:13:32.129+0000] {processor.py:186} INFO - Started process (PID=275) to work on /opt/airflow/dags/load_config_bronze.py
[2026-03-20T06:13:32.130+0000] {processor.py:914} INFO - Processing file /opt/airflow/dags/load_config_bronze.py for tasks to queue
[2026-03-20T06:13:32.132+0000] {logging_mixin.py:190} INFO - [2026-03-20T06:13:32.132+0000] {dagbag.py:588} INFO - Filling up the DagBag from /opt/airflow/dags/load_config_bronze.py
[2026-03-20T06:13:32.136+0000] {processor.py:925} INFO - DAG(s) 'load_config_bronze' retrieved from /opt/airflow/dags/load_config_bronze.py
[2026-03-20T06:13:32.153+0000] {logging_mixin.py:190} INFO - [2026-03-20T06:13:32.153+0000] {dag.py:3239} INFO - Sync 1 DAGs
[2026-03-20T06:13:32.160+0000] {logging_mixin.py:190} INFO - [2026-03-20T06:13:32.160+0000] {dag.py:4180} INFO - Setting next_dagrun for load_config_bronze to None, run_after=None
[2026-03-20T06:13:32.167+0000] {processor.py:208} INFO - Processing /opt/airflow/dags/load_config_bronze.py took 0.042 seconds
[2026-03-20T06:14:02.381+0000] {processor.py:186} INFO - Started process (PID=280) to work on /opt/airflow/dags/load_config_bronze.py
[2026-03-20T06:14:02.382+0000] {processor.py:914} INFO - Processing file /opt/airflow/dags/load_config_bronze.py for tasks to queue
[2026-03-20T06:14:02.384+0000] {logging_mixin.py:190} INFO - [2026-03-20T06:14:02.384+0000] {dagbag.py:588} INFO - Filling up the DagBag from /opt/airflow/dags/load_config_bronze.py
[2026-03-20T06:14:02.390+0000] {processor.py:925} INFO - DAG(s) 'load_config_bronze' retrieved from /opt/airflow/dags/load_config_bronze.py
[2026-03-20T06:14:02.407+0000] {logging_mixin.py:190} INFO - [2026-03-20T06:14:02.407+0000] {dag.py:3239} INFO - Sync 1 DAGs
[2026-03-20T06:14:02.413+0000] {logging_mixin.py:190} INFO - [2026-03-20T06:14:02.413+0000] {dag.py:4180} INFO - Setting next_dagrun for load_config_bronze to None, run_after=None
[2026-03-20T06:14:02.420+0000] {processor.py:208} INFO - Processing /opt/airflow/dags/load_config_bronze.py took 0.043 seconds
[2026-03-20T06:14:32.636+0000] {processor.py:186} INFO - Started process (PID=285) to work on /opt/airflow/dags/load_config_bronze.py
[2026-03-20T06:14:32.637+0000] {processor.py:914} INFO - Processing file /opt/airflow/dags/load_config_bronze.py for tasks to queue
[2026-03-20T06:14:32.639+0000] {logging_mixin.py:190} INFO - [2026-03-20T06:14:32.639+0000] {dagbag.py:588} INFO - Filling up the DagBag from /opt/airflow/dags/load_config_bronze.py
[2026-03-20T06:14:32.644+0000] {processor.py:925} INFO - DAG(s) 'load_config_bronze' retrieved from /opt/airflow/dags/load_config_bronze.py
[2026-03-20T06:14:32.661+0000] {logging_mixin.py:190} INFO - [2026-03-20T06:14:32.661+0000] {dag.py:3239} INFO - Sync 1 DAGs
[2026-03-20T06:14:32.667+0000] {logging_mixin.py:190} INFO - [2026-03-20T06:14:32.667+0000] {dag.py:4180} INFO - Setting next_dagrun for load_config_bronze to None, run_after=None
[2026-03-20T06:14:32.674+0000] {processor.py:208} INFO - Processing /opt/airflow/dags/load_config_bronze.py took 0.042 seconds
[2026-03-20T06:15:02.914+0000] {processor.py:186} INFO - Started process (PID=290) to work on /opt/airflow/dags/load_config_bronze.py
[2026-03-20T06:15:02.914+0000] {processor.py:914} INFO - Processing file /opt/airflow/dags/load_config_bronze.py for tasks to queue
[2026-03-20T06:15:02.917+0000] {logging_mixin.py:190} INFO - [2026-03-20T06:15:02.916+0000] {dagbag.py:588} INFO - Filling up the DagBag from /opt/airflow/dags/load_config_bronze.py
[2026-03-20T06:15:02.922+0000] {processor.py:925} INFO - DAG(s) 'load_config_bronze' retrieved from /opt/airflow/dags/load_config_bronze.py
[2026-03-20T06:15:02.938+0000] {logging_mixin.py:190} INFO - [2026-03-20T06:15:02.938+0000] {dag.py:3239} INFO - Sync 1 DAGs
[2026-03-20T06:15:02.945+0000] {logging_mixin.py:190} INFO - [2026-03-20T06:15:02.945+0000] {dag.py:4180} INFO - Setting next_dagrun for load_config_bronze to None, run_after=None
[2026-03-20T06:15:02.952+0000] {processor.py:208} INFO - Processing /opt/airflow/dags/load_config_bronze.py took 0.042 seconds
[2026-03-20T06:15:33.198+0000] {processor.py:186} INFO - Started process (PID=295) to work on /opt/airflow/dags/load_config_bronze.py
[2026-03-20T06:15:33.199+0000] {processor.py:914} INFO - Processing file /opt/airflow/dags/load_config_bronze.py for tasks to queue
[2026-03-20T06:15:33.201+0000] {logging_mixin.py:190} INFO - [2026-03-20T06:15:33.201+0000] {dagbag.py:588} INFO - Filling up the DagBag from /opt/airflow/dags/load_config_bronze.py
[2026-03-20T06:15:33.208+0000] {processor.py:925} INFO - DAG(s) 'load_config_bronze' retrieved from /opt/airflow/dags/load_config_bronze.py
[2026-03-20T06:15:33.225+0000] {logging_mixin.py:190} INFO - [2026-03-20T06:15:33.225+0000] {dag.py:3239} INFO - Sync 1 DAGs
[2026-03-20T06:15:33.232+0000] {logging_mixin.py:190} INFO - [2026-03-20T06:15:33.232+0000] {dag.py:4180} INFO - Setting next_dagrun for load_config_bronze to None, run_after=None
[2026-03-20T06:15:33.239+0000] {processor.py:208} INFO - Processing /opt/airflow/dags/load_config_bronze.py took 0.048 seconds
[2026-03-20T06:16:03.455+0000] {processor.py:186} INFO - Started process (PID=300) to work on /opt/airflow/dags/load_config_bronze.py
[2026-03-20T06:16:03.456+0000] {processor.py:914} INFO - Processing file /opt/airflow/dags/load_config_bronze.py for tasks to queue
[2026-03-20T06:16:03.458+0000] {logging_mixin.py:190} INFO - [2026-03-20T06:16:03.458+0000] {dagbag.py:588} INFO - Filling up the DagBag from /opt/airflow/dags/load_config_bronze.py
[2026-03-20T06:16:03.464+0000] {processor.py:925} INFO - DAG(s) 'load_config_bronze' retrieved from /opt/airflow/dags/load_config_bronze.py
[2026-03-20T06:16:03.480+0000] {logging_mixin.py:190} INFO - [2026-03-20T06:16:03.480+0000] {dag.py:3239} INFO - Sync 1 DAGs
[2026-03-20T06:16:03.487+0000] {logging_mixin.py:190} INFO - [2026-03-20T06:16:03.487+0000] {dag.py:4180} INFO - Setting next_dagrun for load_config_bronze to None, run_after=None
[2026-03-20T06:16:03.494+0000] {processor.py:208} INFO - Processing /opt/airflow/dags/load_config_bronze.py took 0.043 seconds
[2026-03-20T06:16:33.742+0000] {processor.py:186} INFO - Started process (PID=305) to work on /opt/airflow/dags/load_config_bronze.py
[2026-03-20T06:16:33.743+0000] {processor.py:914} INFO - Processing file /opt/airflow/dags/load_config_bronze.py for tasks to queue
[2026-03-20T06:16:33.745+0000] {logging_mixin.py:190} INFO - [2026-03-20T06:16:33.745+0000] {dagbag.py:588} INFO - Filling up the DagBag from /opt/airflow/dags/load_config_bronze.py
[2026-03-20T06:16:33.750+0000] {processor.py:925} INFO - DAG(s) 'load_config_bronze' retrieved from /opt/airflow/dags/load_config_bronze.py
[2026-03-20T06:16:33.768+0000] {logging_mixin.py:190} INFO - [2026-03-20T06:16:33.767+0000] {dag.py:3239} INFO - Sync 1 DAGs
[2026-03-20T06:16:33.774+0000] {logging_mixin.py:190} INFO - [2026-03-20T06:16:33.774+0000] {dag.py:4180} INFO - Setting next_dagrun for load_config_bronze to None, run_after=None
[2026-03-20T06:16:33.781+0000] {processor.py:208} INFO - Processing /opt/airflow/dags/load_config_bronze.py took 0.044 seconds
[2026-03-20T06:17:04.054+0000] {processor.py:186} INFO - Started process (PID=310) to work on /opt/airflow/dags/load_config_bronze.py
[2026-03-20T06:17:04.055+0000] {processor.py:914} INFO - Processing file /opt/airflow/dags/load_config_bronze.py for tasks to queue
[2026-03-20T06:17:04.057+0000] {logging_mixin.py:190} INFO - [2026-03-20T06:17:04.057+0000] {dagbag.py:588} INFO - Filling up the DagBag from /opt/airflow/dags/load_config_bronze.py
[2026-03-20T06:17:04.063+0000] {processor.py:925} INFO - DAG(s) 'load_config_bronze' retrieved from /opt/airflow/dags/load_config_bronze.py
[2026-03-20T06:17:04.080+0000] {logging_mixin.py:190} INFO - [2026-03-20T06:17:04.080+0000] {dag.py:3239} INFO - Sync 1 DAGs
[2026-03-20T06:17:04.087+0000] {logging_mixin.py:190} INFO - [2026-03-20T06:17:04.087+0000] {dag.py:4180} INFO - Setting next_dagrun for load_config_bronze to None, run_after=None
[2026-03-20T06:17:04.094+0000] {processor.py:208} INFO - Processing /opt/airflow/dags/load_config_bronze.py took 0.046 seconds
[2026-03-20T06:17:34.336+0000] {processor.py:186} INFO - Started process (PID=315) to work on /opt/airflow/dags/load_config_bronze.py
[2026-03-20T06:17:34.337+0000] {processor.py:914} INFO - Processing file /opt/airflow/dags/load_config_bronze.py for tasks to queue
[2026-03-20T06:17:34.339+0000] {logging_mixin.py:190} INFO - [2026-03-20T06:17:34.339+0000] {dagbag.py:588} INFO - Filling up the DagBag from /opt/airflow/dags/load_config_bronze.py
[2026-03-20T06:17:34.345+0000] {processor.py:925} INFO - DAG(s) 'load_config_bronze' retrieved from /opt/airflow/dags/load_config_bronze.py
[2026-03-20T06:17:34.363+0000] {logging_mixin.py:190} INFO - [2026-03-20T06:17:34.363+0000] {dag.py:3239} INFO - Sync 1 DAGs
[2026-03-20T06:17:34.371+0000] {logging_mixin.py:190} INFO - [2026-03-20T06:17:34.371+0000] {dag.py:4180} INFO - Setting next_dagrun for load_config_bronze to None, run_after=None
[2026-03-20T06:17:34.378+0000] {processor.py:208} INFO - Processing /opt/airflow/dags/load_config_bronze.py took 0.045 seconds
[2026-03-20T06:18:04.621+0000] {processor.py:186} INFO - Started process (PID=320) to work on /opt/airflow/dags/load_config_bronze.py
[2026-03-20T06:18:04.622+0000] {processor.py:914} INFO - Processing file /opt/airflow/dags/load_config_bronze.py for tasks to queue
[2026-03-20T06:18:04.624+0000] {logging_mixin.py:190} INFO - [2026-03-20T06:18:04.624+0000] {dagbag.py:588} INFO - Filling up the DagBag from /opt/airflow/dags/load_config_bronze.py
[2026-03-20T06:18:04.628+0000] {processor.py:925} INFO - DAG(s) 'load_config_bronze' retrieved from /opt/airflow/dags/load_config_bronze.py
[2026-03-20T06:18:04.643+0000] {logging_mixin.py:190} INFO - [2026-03-20T06:18:04.643+0000] {dag.py:3239} INFO - Sync 1 DAGs
[2026-03-20T06:18:04.650+0000] {logging_mixin.py:190} INFO - [2026-03-20T06:18:04.650+0000] {dag.py:4180} INFO - Setting next_dagrun for load_config_bronze to None, run_after=None
[2026-03-20T06:18:04.657+0000] {processor.py:208} INFO - Processing /opt/airflow/dags/load_config_bronze.py took 0.040 seconds
[2026-03-20T06:18:34.937+0000] {processor.py:186} INFO - Started process (PID=325) to work on /opt/airflow/dags/load_config_bronze.py
[2026-03-20T06:18:34.938+0000] {processor.py:914} INFO - Processing file /opt/airflow/dags/load_config_bronze.py for tasks to queue
[2026-03-20T06:18:34.940+0000] {logging_mixin.py:190} INFO - [2026-03-20T06:18:34.940+0000] {dagbag.py:588} INFO - Filling up the DagBag from /opt/airflow/dags/load_config_bronze.py
[2026-03-20T06:18:34.946+0000] {processor.py:925} INFO - DAG(s) 'load_config_bronze' retrieved from /opt/airflow/dags/load_config_bronze.py
[2026-03-20T06:18:34.961+0000] {logging_mixin.py:190} INFO - [2026-03-20T06:18:34.961+0000] {dag.py:3239} INFO - Sync 1 DAGs
[2026-03-20T06:18:34.967+0000] {logging_mixin.py:190} INFO - [2026-03-20T06:18:34.967+0000] {dag.py:4180} INFO - Setting next_dagrun for load_config_bronze to None, run_after=None
[2026-03-20T06:18:34.974+0000] {processor.py:208} INFO - Processing /opt/airflow/dags/load_config_bronze.py took 0.042 seconds
[2026-03-20T06:19:05.237+0000] {processor.py:186} INFO - Started process (PID=330) to work on /opt/airflow/dags/load_config_bronze.py
[2026-03-20T06:19:05.238+0000] {processor.py:914} INFO - Processing file /opt/airflow/dags/load_config_bronze.py for tasks to queue
[2026-03-20T06:19:05.240+0000] {logging_mixin.py:190} INFO - [2026-03-20T06:19:05.240+0000] {dagbag.py:588} INFO - Filling up the DagBag from /opt/airflow/dags/load_config_bronze.py
[2026-03-20T06:19:05.246+0000] {processor.py:925} INFO - DAG(s) 'load_config_bronze' retrieved from /opt/airflow/dags/load_config_bronze.py
[2026-03-20T06:19:05.262+0000] {logging_mixin.py:190} INFO - [2026-03-20T06:19:05.262+0000] {dag.py:3239} INFO - Sync 1 DAGs
[2026-03-20T06:19:05.268+0000] {logging_mixin.py:190} INFO - [2026-03-20T06:19:05.268+0000] {dag.py:4180} INFO - Setting next_dagrun for load_config_bronze to None, run_after=None
[2026-03-20T06:19:05.276+0000] {processor.py:208} INFO - Processing /opt/airflow/dags/load_config_bronze.py took 0.044 seconds
[2026-03-20T06:19:35.515+0000] {processor.py:186} INFO - Started process (PID=335) to work on /opt/airflow/dags/load_config_bronze.py
[2026-03-20T06:19:35.515+0000] {processor.py:914} INFO - Processing file /opt/airflow/dags/load_config_bronze.py for tasks to queue
[2026-03-20T06:19:35.517+0000] {logging_mixin.py:190} INFO - [2026-03-20T06:19:35.517+0000] {dagbag.py:588} INFO - Filling up the DagBag from /opt/airflow/dags/load_config_bronze.py
[2026-03-20T06:19:35.523+0000] {processor.py:925} INFO - DAG(s) 'load_config_bronze' retrieved from /opt/airflow/dags/load_config_bronze.py
[2026-03-20T06:19:35.539+0000] {logging_mixin.py:190} INFO - [2026-03-20T06:19:35.539+0000] {dag.py:3239} INFO - Sync 1 DAGs
[2026-03-20T06:19:35.545+0000] {logging_mixin.py:190} INFO - [2026-03-20T06:19:35.545+0000] {dag.py:4180} INFO - Setting next_dagrun for load_config_bronze to None, run_after=None
[2026-03-20T06:19:35.552+0000] {processor.py:208} INFO - Processing /opt/airflow/dags/load_config_bronze.py took 0.042 seconds
[2026-03-20T06:20:05.819+0000] {processor.py:186} INFO - Started process (PID=340) to work on /opt/airflow/dags/load_config_bronze.py
[2026-03-20T06:20:05.820+0000] {processor.py:914} INFO - Processing file /opt/airflow/dags/load_config_bronze.py for tasks to queue
[2026-03-20T06:20:05.822+0000] {logging_mixin.py:190} INFO - [2026-03-20T06:20:05.822+0000] {dagbag.py:588} INFO - Filling up the DagBag from /opt/airflow/dags/load_config_bronze.py
[2026-03-20T06:20:05.827+0000] {processor.py:925} INFO - DAG(s) 'load_config_bronze' retrieved from /opt/airflow/dags/load_config_bronze.py
[2026-03-20T06:20:05.844+0000] {logging_mixin.py:190} INFO - [2026-03-20T06:20:05.844+0000] {dag.py:3239} INFO - Sync 1 DAGs
[2026-03-20T06:20:05.850+0000] {logging_mixin.py:190} INFO - [2026-03-20T06:20:05.850+0000] {dag.py:4180} INFO - Setting next_dagrun for load_config_bronze to None, run_after=None
[2026-03-20T06:20:05.857+0000] {processor.py:208} INFO - Processing /opt/airflow/dags/load_config_bronze.py took 0.043 seconds
[2026-03-20T06:20:36.135+0000] {processor.py:186} INFO - Started process (PID=345) to work on /opt/airflow/dags/load_config_bronze.py
[2026-03-20T06:20:36.136+0000] {processor.py:914} INFO - Processing file /opt/airflow/dags/load_config_bronze.py for tasks to queue
[2026-03-20T06:20:36.137+0000] {logging_mixin.py:190} INFO - [2026-03-20T06:20:36.137+0000] {dagbag.py:588} INFO - Filling up the DagBag from /opt/airflow/dags/load_config_bronze.py
[2026-03-20T06:20:36.142+0000] {processor.py:925} INFO - DAG(s) 'load_config_bronze' retrieved from /opt/airflow/dags/load_config_bronze.py
[2026-03-20T06:20:36.157+0000] {logging_mixin.py:190} INFO - [2026-03-20T06:20:36.157+0000] {dag.py:3239} INFO - Sync 1 DAGs
[2026-03-20T06:20:36.163+0000] {logging_mixin.py:190} INFO - [2026-03-20T06:20:36.163+0000] {dag.py:4180} INFO - Setting next_dagrun for load_config_bronze to None, run_after=None
[2026-03-20T06:20:36.170+0000] {processor.py:208} INFO - Processing /opt/airflow/dags/load_config_bronze.py took 0.041 seconds
[2026-03-20T06:21:06.427+0000] {processor.py:186} INFO - Started process (PID=350) to work on /opt/airflow/dags/load_config_bronze.py
[2026-03-20T06:21:06.428+0000] {processor.py:914} INFO - Processing file /opt/airflow/dags/load_config_bronze.py for tasks to queue
[2026-03-20T06:21:06.429+0000] {logging_mixin.py:190} INFO - [2026-03-20T06:21:06.429+0000] {dagbag.py:588} INFO - Filling up the DagBag from /opt/airflow/dags/load_config_bronze.py
[2026-03-20T06:21:06.433+0000] {processor.py:925} INFO - DAG(s) 'load_config_bronze' retrieved from /opt/airflow/dags/load_config_bronze.py
[2026-03-20T06:21:06.448+0000] {logging_mixin.py:190} INFO - [2026-03-20T06:21:06.448+0000] {dag.py:3239} INFO - Sync 1 DAGs
[2026-03-20T06:21:06.455+0000] {logging_mixin.py:190} INFO - [2026-03-20T06:21:06.455+0000] {dag.py:4180} INFO - Setting next_dagrun for load_config_bronze to None, run_after=None
[2026-03-20T06:21:06.462+0000] {processor.py:208} INFO - Processing /opt/airflow/dags/load_config_bronze.py took 0.039 seconds
[2026-03-20T06:21:36.725+0000] {processor.py:186} INFO - Started process (PID=355) to work on /opt/airflow/dags/load_config_bronze.py
[2026-03-20T06:21:36.725+0000] {processor.py:914} INFO - Processing file /opt/airflow/dags/load_config_bronze.py for tasks to queue
[2026-03-20T06:21:36.728+0000] {logging_mixin.py:190} INFO - [2026-03-20T06:21:36.728+0000] {dagbag.py:588} INFO - Filling up the DagBag from /opt/airflow/dags/load_config_bronze.py
[2026-03-20T06:21:36.733+0000] {processor.py:925} INFO - DAG(s) 'load_config_bronze' retrieved from /opt/airflow/dags/load_config_bronze.py
[2026-03-20T06:21:36.751+0000] {logging_mixin.py:190} INFO - [2026-03-20T06:21:36.751+0000] {dag.py:3239} INFO - Sync 1 DAGs
[2026-03-20T06:21:36.758+0000] {logging_mixin.py:190} INFO - [2026-03-20T06:21:36.758+0000] {dag.py:4180} INFO - Setting next_dagrun for load_config_bronze to None, run_after=None
[2026-03-20T06:21:36.765+0000] {processor.py:208} INFO - Processing /opt/airflow/dags/load_config_bronze.py took 0.046 seconds
[2026-03-20T06:22:07.011+0000] {processor.py:186} INFO - Started process (PID=360) to work on /opt/airflow/dags/load_config_bronze.py
[2026-03-20T06:22:07.012+0000] {processor.py:914} INFO - Processing file /opt/airflow/dags/load_config_bronze.py for tasks to queue
[2026-03-20T06:22:07.014+0000] {logging_mixin.py:190} INFO - [2026-03-20T06:22:07.014+0000] {dagbag.py:588} INFO - Filling up the DagBag from /opt/airflow/dags/load_config_bronze.py
[2026-03-20T06:22:07.020+0000] {processor.py:925} INFO - DAG(s) 'load_config_bronze' retrieved from /opt/airflow/dags/load_config_bronze.py
[2026-03-20T06:22:07.036+0000] {logging_mixin.py:190} INFO - [2026-03-20T06:22:07.036+0000] {dag.py:3239} INFO - Sync 1 DAGs
[2026-03-20T06:22:07.042+0000] {logging_mixin.py:190} INFO - [2026-03-20T06:22:07.042+0000] {dag.py:4180} INFO - Setting next_dagrun for load_config_bronze to None, run_after=None
[2026-03-20T06:22:07.049+0000] {processor.py:208} INFO - Processing /opt/airflow/dags/load_config_bronze.py took 0.042 seconds
