[2026-03-20T06:03:35.884+0000] {local_task_job_runner.py:123} INFO - ::group::Pre task execution logs
[2026-03-20T06:03:35.894+0000] {taskinstance.py:2632} INFO - Dependencies all met for dep_context=non-requeueable deps ti=<TaskInstance: load_config_bronze.load_model_region_availability manual__2026-03-20T06:03:34.557766+00:00 [queued]>
[2026-03-20T06:03:35.897+0000] {taskinstance.py:2632} INFO - Dependencies all met for dep_context=requeueable deps ti=<TaskInstance: load_config_bronze.load_model_region_availability manual__2026-03-20T06:03:34.557766+00:00 [queued]>
[2026-03-20T06:03:35.898+0000] {taskinstance.py:2885} INFO - Starting attempt 1 of 1
[2026-03-20T06:03:35.902+0000] {taskinstance.py:2908} INFO - Executing <Task(PythonOperator): load_model_region_availability> on 2026-03-20 06:03:34.557766+00:00
[2026-03-20T06:03:35.905+0000] {logging_mixin.py:190} WARNING - /home/airflow/.local/lib/python3.12/site-packages/airflow/task/task_runner/standard_task_runner.py:70 DeprecationWarning: This process (pid=177) is multi-threaded, use of fork() may lead to deadlocks in the child.
[2026-03-20T06:03:35.906+0000] {standard_task_runner.py:72} INFO - Started process 178 to run task
[2026-03-20T06:03:35.905+0000] {standard_task_runner.py:104} INFO - Running: ['airflow', 'tasks', 'run', 'load_config_bronze', 'load_model_region_availability', 'manual__2026-03-20T06:03:34.557766+00:00', '--job-id', '4', '--raw', '--subdir', 'DAGS_FOLDER/load_config_bronze.py', '--cfg-path', '/tmp/tmp3ec5tlw8']
[2026-03-20T06:03:35.907+0000] {standard_task_runner.py:105} INFO - Job 4: Subtask load_model_region_availability
[2026-03-20T06:03:35.927+0000] {task_command.py:467} INFO - Running <TaskInstance: load_config_bronze.load_model_region_availability manual__2026-03-20T06:03:34.557766+00:00 [running]> on host 4e4ab67f0dbb
[2026-03-20T06:03:35.956+0000] {taskinstance.py:3158} INFO - Exporting env vars: AIRFLOW_CTX_DAG_OWNER='airflow' AIRFLOW_CTX_DAG_ID='load_config_bronze' AIRFLOW_CTX_TASK_ID='load_model_region_availability' AIRFLOW_CTX_EXECUTION_DATE='2026-03-20T06:03:34.557766+00:00' AIRFLOW_CTX_TRY_NUMBER='1' AIRFLOW_CTX_DAG_RUN_ID='manual__2026-03-20T06:03:34.557766+00:00'
[2026-03-20T06:03:35.957+0000] {taskinstance.py:740} INFO - ::endgroup::
[2026-03-20T06:03:35.962+0000] {logging_mixin.py:190} INFO - Loading 41 records...
[2026-03-20T06:03:35.967+0000] {logging_mixin.py:190} INFO - Done — inserted: 41, skipped (already exists): 0
[2026-03-20T06:03:35.967+0000] {python.py:240} INFO - Done. Returned value was: None
[2026-03-20T06:03:35.972+0000] {taskinstance.py:349} INFO - ::group::Post task execution logs
[2026-03-20T06:03:35.972+0000] {taskinstance.py:361} INFO - Marking task as SUCCESS. dag_id=load_config_bronze, task_id=load_model_region_availability, run_id=manual__2026-03-20T06:03:34.557766+00:00, execution_date=20260320T060334, start_date=20260320T060335, end_date=20260320T060335
[2026-03-20T06:03:35.984+0000] {local_task_job_runner.py:266} INFO - Task exited with return code 0
[2026-03-20T06:03:35.991+0000] {taskinstance.py:3925} INFO - 0 downstream tasks scheduled from follow-on schedule check
[2026-03-20T06:03:35.991+0000] {local_task_job_runner.py:245} INFO - ::endgroup::
