[2026-03-20T04:57:57.937+0000] {manager.py:483} INFO - Processing files using up to 2 processes at a time 
[2026-03-20T04:57:57.937+0000] {manager.py:484} INFO - Process each file at most once every 30 seconds
[2026-03-20T04:57:57.937+0000] {manager.py:485} INFO - Checking for new files in /opt/airflow/dags every 300 seconds
[2026-03-20T04:57:57.937+0000] {manager.py:821} INFO - Searching for files in /opt/airflow/dags
[2026-03-20T04:57:57.938+0000] {manager.py:824} INFO - There are 0 files in /opt/airflow/dags
[2026-03-20T05:02:58.001+0000] {manager.py:821} INFO - Searching for files in /opt/airflow/dags
[2026-03-20T05:02:58.005+0000] {manager.py:824} INFO - There are 0 files in /opt/airflow/dags
[2026-03-20T05:07:58.326+0000] {manager.py:821} INFO - Searching for files in /opt/airflow/dags
[2026-03-20T05:07:58.332+0000] {manager.py:824} INFO - There are 0 files in /opt/airflow/dags
[2026-03-20T05:12:58.812+0000] {manager.py:821} INFO - Searching for files in /opt/airflow/dags
[2026-03-20T05:12:58.818+0000] {manager.py:824} INFO - There are 0 files in /opt/airflow/dags
[2026-03-20T05:17:59.437+0000] {manager.py:821} INFO - Searching for files in /opt/airflow/dags
[2026-03-20T05:17:59.443+0000] {manager.py:824} INFO - There are 0 files in /opt/airflow/dags
[2026-03-20T05:23:00.153+0000] {manager.py:821} INFO - Searching for files in /opt/airflow/dags
[2026-03-20T05:23:00.158+0000] {manager.py:824} INFO - There are 0 files in /opt/airflow/dags
[2026-03-20T05:28:00.662+0000] {manager.py:821} INFO - Searching for files in /opt/airflow/dags
[2026-03-20T05:28:00.668+0000] {manager.py:824} INFO - There are 0 files in /opt/airflow/dags
[2026-03-20T05:33:01.132+0000] {manager.py:821} INFO - Searching for files in /opt/airflow/dags
[2026-03-20T05:33:01.136+0000] {manager.py:824} INFO - There are 0 files in /opt/airflow/dags
[2026-03-20T05:38:01.547+0000] {manager.py:821} INFO - Searching for files in /opt/airflow/dags
[2026-03-20T05:38:01.551+0000] {manager.py:824} INFO - There are 0 files in /opt/airflow/dags
[2026-03-20T05:43:01.865+0000] {manager.py:821} INFO - Searching for files in /opt/airflow/dags
[2026-03-20T05:43:01.871+0000] {manager.py:824} INFO - There are 0 files in /opt/airflow/dags
[2026-03-20T05:48:02.133+0000] {manager.py:821} INFO - Searching for files in /opt/airflow/dags
[2026-03-20T05:48:02.136+0000] {manager.py:824} INFO - There are 0 files in /opt/airflow/dags
